0 info it worked if it ends with ok
1 verbose cli [ '/usr/local/bin/node', '/usr/local/bin/npm', 'start' ]
2 info using npm@1.4.28
3 info using node@v0.10.36
4 verbose node symlink /usr/local/bin/node
5 verbose run-script [ 'prestart', 'start', 'poststart' ]
6 info prestart hud-ui@0.7.7
7 info start hud-ui@0.7.7
8 verbose unsafe-perm in lifecycle true
9 info hud-ui@0.7.7 Failed to exec start script
10 error hud-ui@0.7.7 start: `gulp dev`
10 error Exit status 1
11 error Failed at the hud-ui@0.7.7 start script.
11 error This is most likely a problem with the hud-ui package,
11 error not with npm itself.
11 error Tell the author that this fails on your system:
11 error     gulp dev
11 error You can get their info via:
11 error     npm owner ls hud-ui
11 error There is likely additional logging output above.
12 error System Darwin 14.0.0
13 error command "/usr/local/bin/node" "/usr/local/bin/npm" "start"
14 error cwd /Volumes/HypeSpark/GitHub/ozp-hud
15 error node -v v0.10.36
16 error npm -v 1.4.28
17 error code ELIFECYCLE
18 verbose exit [ 1, true ]
